#
# There is insufficient memory for the Java Runtime Environment to continue.
# Native memory allocation (malloc) failed to allocate 32744 bytes for ChunkPool::allocate
# Possible reasons:
#   The system is out of physical RAM or swap space
#   The process is running with CompressedOops enabled, and the Java Heap may be blocking the growth of the native heap
# Possible solutions:
#   Reduce memory load on the system
#   Increase physical memory or swap space
#   Check if swap backing store is full
#   Decrease Java heap size (-Xmx/-Xms)
#   Decrease number of Java threads
#   Decrease Java thread stack sizes (-Xss)
#   Set larger code cache with -XX:ReservedCodeCacheSize=
#   JVM is running with Unscaled Compressed Oops mode in which the Java heap is
#     placed in the first 4GB address space. The Java Heap base address is the
#     maximum limit for the native heap growth. Please use -XX:HeapBaseMinAddress
#     to set the Java Heap base and to place the Java Heap above 4GB virtual address.
# This output file may be truncated or incomplete.
#
#  Out of Memory Error (./open/src/hotspot/share/memory/arena.cpp:79), pid=7532, tid=3836
#
# JRE version: OpenJDK Runtime Environment (15.0.2+7) (build 15.0.2+7-27)
# Java VM: OpenJDK 64-Bit Server VM (15.0.2+7-27, mixed mode, tiered, compressed oops, g1 gc, windows-amd64)
# No core dump will be written. Minidumps are not enabled by default on client versions of Windows
#

---------------  S U M M A R Y ------------

Command Line: -ea -Dfile.encoding=Cp1252 -XX:+ShowCodeDetailsInExceptionMessages org.testng.remote.RemoteTestNG -serport 56103 -protocol json -d C:\Users\ankur\eclipse-workspace\TSP\test-output C:\Users\ankur\AppData\Local\Temp\testng-eclipse--1198896309\testng-customsuite.xml

Host: AMD Ryzen 5 3500U with Radeon Vega Mobile Gfx  , 8 cores, 3G,  Windows 10 , 64 bit Build 19041 (10.0.19041.928)
Time: Fri Jun 11 23:40:16 2021 India Standard Time elapsed time: 52.107757 seconds (0d 0h 0m 52s)

---------------  T H R E A D  ---------------

Current thread (0x000002ab3e642e10):  JavaThread "C2 CompilerThread0" daemon [_thread_in_native, id=3836, stack(0x000000f543d00000,0x000000f543e00000)]


Current CompileTask:
C2:  52107 2370   !   4       java.io.StringReader::read (133 bytes)

Stack: [0x000000f543d00000,0x000000f543e00000]
Native frames: (J=compiled Java code, j=interpreted, Vv=VM code, C=native code)
V  [jvm.dll+0x62ae9a]
V  [jvm.dll+0x7817a9]
V  [jvm.dll+0x782f03]
V  [jvm.dll+0x783563]
V  [jvm.dll+0x216325]
V  [jvm.dll+0x982cf]
V  [jvm.dll+0x980ad]
V  [jvm.dll+0x609d14]
V  [jvm.dll+0x6552ca]
V  [jvm.dll+0x18e47d]
V  [jvm.dll+0x1ea822]
V  [jvm.dll+0x1e996e]
V  [jvm.dll+0x178567]
V  [jvm.dll+0x1f9225]
V  [jvm.dll+0x1f72cc]
V  [jvm.dll+0x74495d]
V  [jvm.dll+0x73d75a]
V  [jvm.dll+0x629c56]
C  [ucrtbase.dll+0x21bb2]
C  [KERNEL32.DLL+0x17034]
C  [ntdll.dll+0x52651]


---------------  P R O C E S S  ---------------

Threads class SMR info:
_java_thread_list=0x000002ab3fac7fb0, length=18, elements={
0x000002ab24558f50, 0x000002ab3dcf5030, 0x000002ab3dcf58f0, 0x000002ab3e640080,
0x000002ab3e641150, 0x000002ab3e641a10, 0x000002ab3e642e10, 0x000002ab3e646cc0,
0x000002ab3e6475c0, 0x000002ab3e7aba40, 0x000002ab3e7bffc0, 0x000002ab3ef336d0,
0x000002ab3fbc7990, 0x000002ab3fbd71d0, 0x000002ab3fbd33a0, 0x000002ab3fbd3870,
0x000002ab3f0418f0, 0x000002ab3ef419f0
}

Java Threads: ( => current thread )
  0x000002ab24558f50 JavaThread "main" [_thread_blocked, id=3580, stack(0x000000f543100000,0x000000f543200000)]
  0x000002ab3dcf5030 JavaThread "Reference Handler" daemon [_thread_blocked, id=7068, stack(0x000000f543800000,0x000000f543900000)]
  0x000002ab3dcf58f0 JavaThread "Finalizer" daemon [_thread_blocked, id=660, stack(0x000000f543900000,0x000000f543a00000)]
  0x000002ab3e640080 JavaThread "Signal Dispatcher" daemon [_thread_blocked, id=2416, stack(0x000000f543a00000,0x000000f543b00000)]
  0x000002ab3e641150 JavaThread "Attach Listener" daemon [_thread_blocked, id=7108, stack(0x000000f543b00000,0x000000f543c00000)]
  0x000002ab3e641a10 JavaThread "Service Thread" daemon [_thread_blocked, id=6164, stack(0x000000f543c00000,0x000000f543d00000)]
=>0x000002ab3e642e10 JavaThread "C2 CompilerThread0" daemon [_thread_in_native, id=3836, stack(0x000000f543d00000,0x000000f543e00000)]
  0x000002ab3e646cc0 JavaThread "C1 CompilerThread0" daemon [_thread_blocked, id=6524, stack(0x000000f543e00000,0x000000f543f00000)]
  0x000002ab3e6475c0 JavaThread "Sweeper thread" daemon [_thread_blocked, id=3664, stack(0x000000f543f00000,0x000000f544000000)]
  0x000002ab3e7aba40 JavaThread "Notification Thread" daemon [_thread_blocked, id=7112, stack(0x000000f544000000,0x000000f544100000)]
  0x000002ab3e7bffc0 JavaThread "Common-Cleaner" daemon [_thread_blocked, id=5264, stack(0x000000f544200000,0x000000f544300000)]
  0x000002ab3ef336d0 JavaThread "ReaderThread" [_thread_in_native, id=4800, stack(0x000000f544400000,0x000000f544500000)]
  0x000002ab3fbc7990 JavaThread "Exec Default Executor" daemon [_thread_in_native, id=5124, stack(0x000000f544b00000,0x000000f544c00000)]
  0x000002ab3fbd71d0 JavaThread "UrlChecker-2" daemon [_thread_blocked, id=7440, stack(0x000000f544c00000,0x000000f544d00000)]
  0x000002ab3fbd33a0 JavaThread "Exec Stream Pumper" daemon [_thread_in_native, id=5176, stack(0x000000f544d00000,0x000000f544e00000)]
  0x000002ab3fbd3870 JavaThread "Exec Stream Pumper" daemon [_thread_in_native, id=6824, stack(0x000000f544e00000,0x000000f544f00000)]
  0x000002ab3f0418f0 JavaThread "OkHttp ConnectionPool" daemon [_thread_blocked, id=2624, stack(0x000000f544f00000,0x000000f545000000)]
  0x000002ab3ef419f0 JavaThread "Okio Watchdog" daemon [_thread_blocked, id=2128, stack(0x000000f545000000,0x000000f545100000)]

Other Threads:
  0x000002ab2462e5f0 VMThread "VM Thread" [stack: 0x000000f543700000,0x000000f543800000] [id=3144]
  0x000002ab3e7ac730 WatcherThread [stack: 0x000000f544100000,0x000000f544200000] [id=5708]
  0x000002ab245876f0 GCTaskThread "GC Thread#0" [stack: 0x000000f543200000,0x000000f543300000] [id=5064]
  0x000002ab3fc5b9f0 GCTaskThread "GC Thread#1" [stack: 0x000000f544600000,0x000000f544700000] [id=7564]
  0x000002ab3fc5d370 GCTaskThread "GC Thread#2" [stack: 0x000000f544700000,0x000000f544800000] [id=5712]
  0x000002ab3fc5cd10 GCTaskThread "GC Thread#3" [stack: 0x000000f544800000,0x000000f544900000] [id=5084]
  0x000002ab2458f5c0 ConcurrentGCThread "G1 Main Marker" [stack: 0x000000f543300000,0x000000f543400000] [id=2688]
  0x000002ab24590d60 ConcurrentGCThread "G1 Conc#0" [stack: 0x000000f543400000,0x000000f543500000] [id=6232]
  0x000002ab3fc5b6c0 ConcurrentGCThread "G1 Conc#1" [stack: 0x000000f544500000,0x000000f544600000] [id=7436]
  0x000002ab245e1f80 ConcurrentGCThread "G1 Refine#0" [stack: 0x000000f543500000,0x000000f543600000] [id=2040]
  0x000002ab3f23c020 ConcurrentGCThread "G1 Refine#1" [stack: 0x000000f544900000,0x000000f544a00000] [id=2924]
  0x000002ab245e2ca0 ConcurrentGCThread "G1 Young RemSet Sampling" [stack: 0x000000f543600000,0x000000f543700000] [id=6120]

Threads with active compile tasks:
C2 CompilerThread0    52324 2370   !   4       java.io.StringReader::read (133 bytes)

VM state: not at safepoint (normal execution)

VM Mutex/Monitor currently owned by a thread: None

Heap address: 0x00000000c9400000, size: 876 MB, Compressed Oops mode: 32-bit
CDS disabled.
Compressed class space mapped at: 0x0000000100000000-0x0000000140000000, size: 1073741824
Narrow klass base: 0x0000000000000000, Narrow klass shift: 3, Narrow klass range: 0x140000000

GC Precious Log:
 CPUs: 8 total, 8 available
 Memory: 3498M
 Large Page Support: Disabled
 NUMA Support: Disabled
 Compressed Oops: Enabled (32-bit)
 Heap Region Size: 1M
 Heap Min Capacity: 8M
 Heap Initial Capacity: 56M
 Heap Max Capacity: 876M
 Pre-touch: Disabled
 Parallel Workers: 8
 Concurrent Workers: 2
 Concurrent Refinement Workers: 8
 Periodic GC: Disabled

Heap:
 garbage-first heap   total 34816K, used 19184K [0x00000000c9400000, 0x0000000100000000)
  region size 1024K, 11 young (11264K), 1 survivors (1024K)
 Metaspace       used 26407K, capacity 26663K, committed 26880K, reserved 1073152K
  class space    used 2843K, capacity 2945K, committed 3072K, reserved 1048576K

Heap Regions: E=young(eden), S=young(survivor), O=old, HS=humongous(starts), HC=humongous(continues), CS=collection set, F=free, OA=open archive, CA=closed archive, TAMS=top-at-mark-start (previous, next)
|   0|0x00000000c9400000, 0x00000000c9500000, 0x00000000c9500000|100%|HS|  |TAMS 0x00000000c9500000, 0x00000000c9400000| Complete 
|   1|0x00000000c9500000, 0x00000000c9600000, 0x00000000c9600000|100%| O|  |TAMS 0x00000000c9600000, 0x00000000c9500000| Untracked 
|   2|0x00000000c9600000, 0x00000000c9700000, 0x00000000c9700000|100%| O|  |TAMS 0x00000000c9700000, 0x00000000c9600000| Untracked 
|   3|0x00000000c9700000, 0x00000000c9800000, 0x00000000c9800000|100%| O|  |TAMS 0x00000000c9800000, 0x00000000c9700000| Untracked 
|   4|0x00000000c9800000, 0x00000000c9900000, 0x00000000c9900000|100%| O|  |TAMS 0x00000000c985aa00, 0x00000000c9800000| Untracked 
|   5|0x00000000c9900000, 0x00000000c9a00000, 0x00000000c9a00000|100%| O|  |TAMS 0x00000000c9900000, 0x00000000c9900000| Untracked 
|   6|0x00000000c9a00000, 0x00000000c9b00000, 0x00000000c9b00000|100%| O|  |TAMS 0x00000000c9a00000, 0x00000000c9a00000| Untracked 
|   7|0x00000000c9b00000, 0x00000000c9b61800, 0x00000000c9c00000| 38%| O|  |TAMS 0x00000000c9b00000, 0x00000000c9b00000| Untracked 
|   8|0x00000000c9c00000, 0x00000000c9d00000, 0x00000000c9d00000|100%| O|  |TAMS 0x00000000c9c00000, 0x00000000c9c00000| Untracked 
|   9|0x00000000c9d00000, 0x00000000c9d00000, 0x00000000c9e00000|  0%| F|  |TAMS 0x00000000c9d00000, 0x00000000c9d00000| Untracked 
|  10|0x00000000c9e00000, 0x00000000c9e00000, 0x00000000c9f00000|  0%| F|  |TAMS 0x00000000c9e00000, 0x00000000c9e00000| Untracked 
|  11|0x00000000c9f00000, 0x00000000c9f00000, 0x00000000ca000000|  0%| F|  |TAMS 0x00000000c9f00000, 0x00000000c9f00000| Untracked 
|  12|0x00000000ca000000, 0x00000000ca100000, 0x00000000ca100000|100%| O|  |TAMS 0x00000000ca000000, 0x00000000ca000000| Untracked 
|  13|0x00000000ca100000, 0x00000000ca124c00, 0x00000000ca200000| 14%| O|  |TAMS 0x00000000ca100000, 0x00000000ca100000| Untracked 
|  14|0x00000000ca200000, 0x00000000ca200000, 0x00000000ca300000|  0%| F|  |TAMS 0x00000000ca200000, 0x00000000ca200000| Untracked 
|  15|0x00000000ca300000, 0x00000000ca300000, 0x00000000ca400000|  0%| F|  |TAMS 0x00000000ca300000, 0x00000000ca300000| Untracked 
|  16|0x00000000ca400000, 0x00000000ca400000, 0x00000000ca500000|  0%| F|  |TAMS 0x00000000ca400000, 0x00000000ca400000| Untracked 
|  17|0x00000000ca500000, 0x00000000ca500000, 0x00000000ca600000|  0%| F|  |TAMS 0x00000000ca500000, 0x00000000ca500000| Untracked 
|  18|0x00000000ca600000, 0x00000000ca635e38, 0x00000000ca700000| 21%| S|CS|TAMS 0x00000000ca600000, 0x00000000ca600000| Complete 
|  19|0x00000000ca700000, 0x00000000ca700000, 0x00000000ca800000|  0%| F|  |TAMS 0x00000000ca700000, 0x00000000ca700000| Untracked 
|  20|0x00000000ca800000, 0x00000000ca800000, 0x00000000ca900000|  0%| F|  |TAMS 0x00000000ca800000, 0x00000000ca800000| Untracked 
|  21|0x00000000ca900000, 0x00000000ca900000, 0x00000000caa00000|  0%| F|  |TAMS 0x00000000ca900000, 0x00000000ca900000| Untracked 
|  22|0x00000000caa00000, 0x00000000caa00000, 0x00000000cab00000|  0%| F|  |TAMS 0x00000000caa00000, 0x00000000caa00000| Untracked 
|  23|0x00000000cab00000, 0x00000000cab00000, 0x00000000cac00000|  0%| F|  |TAMS 0x00000000cab00000, 0x00000000cab00000| Untracked 
|  24|0x00000000cac00000, 0x00000000cac467e8, 0x00000000cad00000| 27%| E|  |TAMS 0x00000000cac00000, 0x00000000cac00000| Complete 
|  25|0x00000000cad00000, 0x00000000cae00000, 0x00000000cae00000|100%| E|CS|TAMS 0x00000000cad00000, 0x00000000cad00000| Complete 
|  26|0x00000000cae00000, 0x00000000caf00000, 0x00000000caf00000|100%| E|CS|TAMS 0x00000000cae00000, 0x00000000cae00000| Complete 
|  27|0x00000000caf00000, 0x00000000cb000000, 0x00000000cb000000|100%| E|CS|TAMS 0x00000000caf00000, 0x00000000caf00000| Complete 
|  28|0x00000000cb000000, 0x00000000cb100000, 0x00000000cb100000|100%| E|CS|TAMS 0x00000000cb000000, 0x00000000cb000000| Complete 
|  29|0x00000000cb100000, 0x00000000cb200000, 0x00000000cb200000|100%| E|CS|TAMS 0x00000000cb100000, 0x00000000cb100000| Complete 
|  30|0x00000000cb200000, 0x00000000cb300000, 0x00000000cb300000|100%| E|CS|TAMS 0x00000000cb200000, 0x00000000cb200000| Complete 
|  31|0x00000000cb300000, 0x00000000cb400000, 0x00000000cb400000|100%| E|CS|TAMS 0x00000000cb300000, 0x00000000cb300000| Complete 
|  45|0x00000000cc100000, 0x00000000cc200000, 0x00000000cc200000|100%| E|CS|TAMS 0x00000000cc100000, 0x00000000cc100000| Complete 
|  55|0x00000000ccb00000, 0x00000000ccc00000, 0x00000000ccc00000|100%| E|CS|TAMS 0x00000000ccb00000, 0x00000000ccb00000| Complete 

Card table byte_map: [0x000002ab39370000,0x000002ab39530000] _byte_map_base: 0x000002ab38d26000

Marking Bits (Prev, Next): (CMBitMap*) 0x000002ab24587f20, (CMBitMap*) 0x000002ab24587ee0
 Prev Bits: [0x000002ab3a4a0000, 0x000002ab3b250000)
 Next Bits: [0x000002ab396f0000, 0x000002ab3a4a0000)

Polling page: 0x000002ab29720000

Metaspace:

Usage:
  Non-class:     23.16 MB capacity,    23.01 MB (>99%) used,   124.38 KB ( <1%) free+waste,    29.06 KB ( <1%) overhead. 
      Class:      2.88 MB capacity,     2.78 MB ( 97%) used,    91.58 KB (  3%) free+waste,    10.19 KB ( <1%) overhead. 
       Both:     26.04 MB capacity,    25.79 MB (>99%) used,   215.95 KB ( <1%) free+waste,    39.25 KB ( <1%) overhead. 

Virtual space:
  Non-class space:       24.00 MB reserved,      23.25 MB ( 97%) committed 
      Class space:        1.00 GB reserved,       3.00 MB ( <1%) committed 
             Both:        1.02 GB reserved,      26.25 MB (  3%) committed 

Chunk freelists:
   Non-Class:  26.00 KB
       Class:  0 bytes
        Both:  26.00 KB

MaxMetaspaceSize: 17179869184.00 GB
CompressedClassSpaceSize: 1.00 GB

CodeHeap 'non-profiled nmethods': size=120000Kb used=927Kb max_used=927Kb free=119073Kb
 bounds [0x000002ab31210000, 0x000002ab31480000, 0x000002ab38740000]
CodeHeap 'profiled nmethods': size=120000Kb used=4290Kb max_used=4290Kb free=115709Kb
 bounds [0x000002ab29ce0000, 0x000002ab2a120000, 0x000002ab31210000]
CodeHeap 'non-nmethods': size=5760Kb used=1245Kb max_used=1270Kb free=4515Kb
 bounds [0x000002ab29740000, 0x000002ab299b0000, 0x000002ab29ce0000]
 total_blobs=2892 nmethods=2370 adapters=434
 compilation: enabled
              stopped_count=0, restarted_count=0
 full_count=0

Compilation events (20 events):
Event: 51.380 Thread 0x000002ab3e646cc0 nmethod 2360 0x000002ab2a10cb10 code [0x000002ab2a10cca0, 0x000002ab2a10cdc8]
Event: 51.380 Thread 0x000002ab3e642e10 2361       4       java.nio.HeapCharBuffer::<init> (21 bytes)
Event: 51.384 Thread 0x000002ab3e642e10 nmethod 2361 0x000002ab312f6990 code [0x000002ab312f6b20, 0x000002ab312f6f38]
Event: 51.384 Thread 0x000002ab3e642e10 2362       4       org.openqa.selenium.json.Input::append (57 bytes)
Event: 51.385 Thread 0x000002ab3e642e10 nmethod 2362 0x000002ab312f7190 code [0x000002ab312f7320, 0x000002ab312f7418]
Event: 51.887 Thread 0x000002ab3e646cc0 2363       3       com.google.common.collect.ImmutableCollection$Builder::expandedCapacity (45 bytes)
Event: 51.888 Thread 0x000002ab3e646cc0 nmethod 2363 0x000002ab2a10ce90 code [0x000002ab2a10d060, 0x000002ab2a10d358]
Event: 51.936 Thread 0x000002ab3e646cc0 2364       3       java.util.ArrayDeque::sub (14 bytes)
Event: 51.936 Thread 0x000002ab3e646cc0 nmethod 2364 0x000002ab2a10d490 code [0x000002ab2a10d620, 0x000002ab2a10d738]
Event: 51.936 Thread 0x000002ab3e646cc0 2365       3       java.util.TreeMap$PrivateEntryIterator::nextEntry (54 bytes)
Event: 51.936 Thread 0x000002ab3e642e10 2366       4       com.google.common.base.CharMatcher$Negated::matches (17 bytes)
Event: 51.936 Thread 0x000002ab3e646cc0 nmethod 2365 0x000002ab2a10d810 code [0x000002ab2a10d9e0, 0x000002ab2a10dda8]
Event: 51.937 Thread 0x000002ab3e646cc0 2367       3       java.util.stream.Collectors::toList (26 bytes)
Event: 51.937 Thread 0x000002ab3e642e10 nmethod 2366 0x000002ab312f7510 code [0x000002ab312f7680, 0x000002ab312f7718]
Event: 51.937 Thread 0x000002ab3e646cc0 nmethod 2367 0x000002ab2a10df10 code [0x000002ab2a10e100, 0x000002ab2a10e748]
Event: 51.937 Thread 0x000002ab3e646cc0 2369       3       org.openqa.selenium.json.JsonInput::hasNext (97 bytes)
Event: 51.937 Thread 0x000002ab3e642e10 2370   !   4       java.io.StringReader::read (133 bytes)
Event: 51.938 Thread 0x000002ab3e646cc0 nmethod 2369 0x000002ab2a10e910 code [0x000002ab2a10ec60, 0x000002ab2a10fcd8]
Event: 51.938 Thread 0x000002ab3e646cc0 2368       3       java.util.stream.Collectors$$Lambda$261/0x0000000100282458::get (8 bytes)
Event: 51.938 Thread 0x000002ab3e646cc0 nmethod 2368 0x000002ab2a110310 code [0x000002ab2a1104c0, 0x000002ab2a1107f8]

GC Heap History (10 events):
Event: 1.641 GC heap before
{Heap before GC invocations=0 (full 0):
 garbage-first heap   total 57344K, used 23552K [0x00000000c9400000, 0x0000000100000000)
  region size 1024K, 23 young (23552K), 0 survivors (0K)
 Metaspace       used 16840K, capacity 17031K, committed 17152K, reserved 1064960K
  class space    used 1678K, capacity 1725K, committed 1792K, reserved 1048576K
}
Event: 1.650 GC heap after
{Heap after GC invocations=1 (full 0):
 garbage-first heap   total 57344K, used 7530K [0x00000000c9400000, 0x0000000100000000)
  region size 1024K, 3 young (3072K), 3 survivors (3072K)
 Metaspace       used 16840K, capacity 17031K, committed 17152K, reserved 1064960K
  class space    used 1678K, capacity 1725K, committed 1792K, reserved 1048576K
}
Event: 4.743 GC heap before
{Heap before GC invocations=1 (full 0):
 garbage-first heap   total 57344K, used 16746K [0x00000000c9400000, 0x0000000100000000)
  region size 1024K, 13 young (13312K), 3 survivors (3072K)
 Metaspace       used 20951K, capacity 21107K, committed 21248K, reserved 1069056K
  class space    used 2141K, capacity 2207K, committed 2304K, reserved 1048576K
}
Event: 4.748 GC heap after
{Heap after GC invocations=2 (full 0):
 garbage-first heap   total 57344K, used 8546K [0x00000000c9400000, 0x0000000100000000)
  region size 1024K, 1 young (1024K), 1 survivors (1024K)
 Metaspace       used 20951K, capacity 21107K, committed 21248K, reserved 1069056K
  class space    used 2141K, capacity 2207K, committed 2304K, reserved 1048576K
}
Event: 21.087 GC heap before
{Heap before GC invocations=3 (full 0):
 garbage-first heap   total 34816K, used 30050K [0x00000000c9400000, 0x0000000100000000)
  region size 1024K, 22 young (22528K), 1 survivors (1024K)
 Metaspace       used 25866K, capacity 26069K, committed 26240K, reserved 1073152K
  class space    used 2800K, capacity 2878K, committed 2944K, reserved 1048576K
}
Event: 21.090 GC heap after
{Heap after GC invocations=4 (full 0):
 garbage-first heap   total 34816K, used 9936K [0x00000000c9400000, 0x0000000100000000)
  region size 1024K, 3 young (3072K), 3 survivors (3072K)
 Metaspace       used 25866K, capacity 26069K, committed 26240K, reserved 1073152K
  class space    used 2800K, capacity 2878K, committed 2944K, reserved 1048576K
}
Event: 24.222 GC heap before
{Heap before GC invocations=4 (full 0):
 garbage-first heap   total 34816K, used 23248K [0x00000000c9400000, 0x0000000100000000)
  region size 1024K, 16 young (16384K), 3 survivors (3072K)
 Metaspace       used 26024K, capacity 26293K, committed 26496K, reserved 1073152K
  class space    used 2807K, capacity 2910K, committed 2944K, reserved 1048576K
}
Event: 24.225 GC heap after
{Heap after GC invocations=5 (full 0):
 garbage-first heap   total 34816K, used 10124K [0x00000000c9400000, 0x0000000100000000)
  region size 1024K, 1 young (1024K), 1 survivors (1024K)
 Metaspace       used 26024K, capacity 26293K, committed 26496K, reserved 1073152K
  class space    used 2807K, capacity 2910K, committed 2944K, reserved 1048576K
}
Event: 26.130 GC heap before
{Heap before GC invocations=5 (full 0):
 garbage-first heap   total 34816K, used 24460K [0x00000000c9400000, 0x0000000100000000)
  region size 1024K, 15 young (15360K), 1 survivors (1024K)
 Metaspace       used 26084K, capacity 26357K, committed 26496K, reserved 1073152K
  class space    used 2807K, capacity 2910K, committed 2944K, reserved 1048576K
}
Event: 26.131 GC heap after
{Heap after GC invocations=6 (full 0):
 garbage-first heap   total 34816K, used 9968K [0x00000000c9400000, 0x0000000100000000)
  region size 1024K, 1 young (1024K), 1 survivors (1024K)
 Metaspace       used 26084K, capacity 26357K, committed 26496K, reserved 1073152K
  class space    used 2807K, capacity 2910K, committed 2944K, reserved 1048576K
}

Deoptimization events (20 events):
Event: 23.794 Thread 0x000002ab24558f50 DEOPT PACKING pc=0x000002ab2a06ed87 sp=0x000000f5431fc4c0
Event: 23.794 Thread 0x000002ab24558f50 DEOPT UNPACKING pc=0x000002ab2978e23f sp=0x000000f5431fb990 mode 0
Event: 23.794 Thread 0x000002ab24558f50 DEOPT PACKING pc=0x000002ab2a06ed87 sp=0x000000f5431fc4c0
Event: 23.794 Thread 0x000002ab24558f50 DEOPT UNPACKING pc=0x000002ab2978e23f sp=0x000000f5431fb990 mode 0
Event: 23.795 Thread 0x000002ab24558f50 DEOPT PACKING pc=0x000002ab2a06ed87 sp=0x000000f5431fc4c0
Event: 23.795 Thread 0x000002ab24558f50 DEOPT UNPACKING pc=0x000002ab2978e23f sp=0x000000f5431fb990 mode 0
Event: 24.116 Thread 0x000002ab24558f50 DEOPT PACKING pc=0x000002ab2a06f593 sp=0x000000f5431fc4f0
Event: 24.116 Thread 0x000002ab24558f50 DEOPT UNPACKING pc=0x000002ab2978e23f sp=0x000000f5431fb9a0 mode 0
Event: 49.574 Thread 0x000002ab24558f50 Uncommon trap: trap_request=0xffffff45 fr.pc=0x000002ab3124b584 relative=0x00000000000003c4
Event: 49.574 Thread 0x000002ab24558f50 Uncommon trap: reason=unstable_if action=reinterpret pc=0x000002ab3124b584 method=java.util.HashMap$HashIterator.<init>(Ljava/util/HashMap;)V @ 45 c2
Event: 49.574 Thread 0x000002ab24558f50 DEOPT PACKING pc=0x000002ab3124b584 sp=0x000000f5431fdcb0
Event: 49.574 Thread 0x000002ab24558f50 DEOPT UNPACKING pc=0x000002ab2978e42f sp=0x000000f5431fdb40 mode 2
Event: 49.574 Thread 0x000002ab24558f50 Uncommon trap: trap_request=0xffffff45 fr.pc=0x000002ab3124c7e4 relative=0x0000000000000244
Event: 49.574 Thread 0x000002ab24558f50 Uncommon trap: reason=unstable_if action=reinterpret pc=0x000002ab3124c7e4 method=java.util.HashMap$HashIterator.<init>(Ljava/util/HashMap;)V @ 45 c2
Event: 49.574 Thread 0x000002ab24558f50 DEOPT PACKING pc=0x000002ab3124c7e4 sp=0x000000f5431fdc50
Event: 49.574 Thread 0x000002ab24558f50 DEOPT UNPACKING pc=0x000002ab2978e42f sp=0x000000f5431fdb40 mode 2
Event: 49.575 Thread 0x000002ab24558f50 Uncommon trap: trap_request=0xffffff45 fr.pc=0x000002ab3124ae7c relative=0x000000000000035c
Event: 49.575 Thread 0x000002ab24558f50 Uncommon trap: reason=unstable_if action=reinterpret pc=0x000002ab3124ae7c method=java.util.HashMap$HashIterator.<init>(Ljava/util/HashMap;)V @ 45 c2
Event: 49.575 Thread 0x000002ab24558f50 DEOPT PACKING pc=0x000002ab3124ae7c sp=0x000000f5431fdbb0
Event: 49.575 Thread 0x000002ab24558f50 DEOPT UNPACKING pc=0x000002ab2978e42f sp=0x000000f5431fdb68 mode 2

Classes unloaded (0 events):
No events

Classes redefined (0 events):
No events

Internal exceptions (20 events):
Event: 7.840 Thread 0x000002ab24558f50 Exception <a 'java/lang/IncompatibleClassChangeError'{0x00000000cb0189e8}: Found class java.lang.Object, but interface was expected> (0x00000000cb0189e8) 
thrown [./open/src/hotspot/share/interpreter/linkResolver.cpp, line 848]
Event: 7.842 Thread 0x000002ab24558f50 Exception <a 'java/lang/NoSuchMethodError'{0x00000000cb01eca8}: 'int java.lang.invoke.DirectMethodHandle$Holder.invokeSpecial(java.lang.Object, java.lang.Object, java.lang.Object)'> (0x00000000cb01eca8) 
thrown [./open/src/hotspot/share/interpreter/linkResolver.cpp, line 782]
Event: 7.844 Thread 0x000002ab24558f50 Exception <a 'java/lang/NoSuchMethodError'{0x00000000cb025978}: 'int java.lang.invoke.DirectMethodHandle$Holder.invokeSpecialIFC(java.lang.Object, java.lang.Object, java.lang.Object, java.lang.Object)'> (0x00000000cb025978) 
thrown [./open/src/hotspot/share/interpreter/linkResolver.cpp, line 782]
Event: 7.847 Thread 0x000002ab24558f50 Exception <a 'java/lang/NoSuchMethodError'{0x00000000cb02e250}: 'java.lang.Object java.lang.invoke.DirectMethodHandle$Holder.invokeInterface(java.lang.Object, java.lang.Object, java.lang.Object, java.lang.Object)'> (0x00000000cb02e250) 
thrown [./open/src/hotspot/share/interpreter/linkResolver.cpp, line 782]
Event: 7.863 Thread 0x000002ab24558f50 Exception <a 'java/lang/NoSuchMethodError'{0x00000000cb0567c8}: 'java.lang.Object java.lang.invoke.DirectMethodHandle$Holder.invokeVirtual(java.lang.Object, java.lang.Object, java.lang.Object)'> (0x00000000cb0567c8) 
thrown [./open/src/hotspot/share/interpreter/linkResolver.cpp, line 782]
Event: 7.979 Thread 0x000002ab24558f50 Exception <a 'java/lang/NoSuchMethodError'{0x00000000cb0cf900}: 'void java.lang.invoke.DirectMethodHandle$Holder.invokeInterface(java.lang.Object, java.lang.Object, java.lang.Object)'> (0x00000000cb0cf900) 
thrown [./open/src/hotspot/share/interpreter/linkResolver.cpp, line 782]
Event: 8.139 Thread 0x000002ab24558f50 Exception <a 'java/lang/NoSuchMethodError'{0x00000000caf2cf20}: 'int java.lang.invoke.DirectMethodHandle$Holder.invokeVirtual(java.lang.Object, java.lang.Object)'> (0x00000000caf2cf20) 
thrown [./open/src/hotspot/share/interpreter/linkResolver.cpp, line 782]
Event: 8.140 Thread 0x000002ab24558f50 Exception <a 'java/lang/NoSuchMethodError'{0x00000000caf33718}: 'double java.lang.invoke.DirectMethodHandle$Holder.invokeVirtual(java.lang.Object, java.lang.Object)'> (0x00000000caf33718) 
thrown [./open/src/hotspot/share/interpreter/linkResolver.cpp, line 782]
Event: 8.141 Thread 0x000002ab24558f50 Exception <a 'java/lang/NoSuchMethodError'{0x00000000caf3a228}: 'float java.lang.invoke.DirectMethodHandle$Holder.invokeVirtual(java.lang.Object, java.lang.Object)'> (0x00000000caf3a228) 
thrown [./open/src/hotspot/share/interpreter/linkResolver.cpp, line 782]
Event: 8.142 Thread 0x000002ab24558f50 Exception <a 'java/lang/NoSuchMethodError'{0x00000000caf43788}: 'long java.lang.invoke.DirectMethodHandle$Holder.invokeVirtual(java.lang.Object, java.lang.Object)'> (0x00000000caf43788) 
thrown [./open/src/hotspot/share/interpreter/linkResolver.cpp, line 782]
Event: 8.235 Thread 0x000002ab24558f50 Exception <a 'java/lang/NoSuchMethodError'{0x00000000caeab038}: 'void java.lang.invoke.DirectMethodHandle$Holder.invokeSpecial(java.lang.Object, java.lang.Object, java.lang.Object, java.lang.Object, java.lang.Object)'> (0x00000000caeab038) 
thrown [./open/src/hotspot/share/interpreter/linkResolver.cpp, line 782]
Event: 8.273 Thread 0x000002ab24558f50 Exception <a 'java/lang/NoSuchMethodError'{0x00000000cad80018}: 'java.lang.Object java.lang.invoke.DirectMethodHandle$Holder.newInvokeSpecial(java.lang.Object, java.lang.Object, java.lang.Object, java.lang.Object, java.lang.Object)'> (0x00000000cad80018) 
thrown [./open/src/hotspot/share/interpreter/linkResolver.cpp, line 782]
Event: 8.341 Thread 0x000002ab24558f50 Exception <a 'java/lang/NoSuchMethodError'{0x00000000caca0380}: 'java.lang.Object java.lang.invoke.Invokers$Holder.invokeExact_MT(java.lang.Object, java.lang.Object, java.lang.Object, java.lang.Object, java.lang.Object, java.lang.Object)'> (0x00000000caca0380) 
thrown [./open/src/hotspot/share/interpreter/linkResolver.cpp, line 782]
Event: 8.880 Thread 0x000002ab24558f50 Exception <a 'java/lang/NoSuchMethodError'{0x00000000ca9effb0}: 'void java.lang.invoke.DirectMethodHandle$Holder.invokeStatic(java.lang.Object, java.lang.Object, java.lang.Object, java.lang.Object)'> (0x00000000ca9effb0) 
thrown [./open/src/hotspot/share/interpreter/linkResolver.cpp, line 782]
Event: 15.754 Thread 0x000002ab24558f50 Exception <a 'java/lang/NoSuchMethodError'{0x00000000ca7b1520}: 'java.lang.Object java.lang.invoke.DirectMethodHandle$Holder.invokeSpecialIFC(java.lang.Object, java.lang.Object, java.lang.Object)'> (0x00000000ca7b1520) 
thrown [./open/src/hotspot/share/interpreter/linkResolver.cpp, line 782]
Event: 16.069 Thread 0x000002ab24558f50 Exception <a 'java/lang/ClassNotFoundException'{0x00000000ca659790}: sun/util/logging/resources/spi/loggingProvider> (0x00000000ca659790) 
thrown [./open/src/hotspot/share/classfile/systemDictionary.cpp, line 295]
Event: 49.514 Thread 0x000002ab24558f50 Exception <a 'java/lang/reflect/InvocationTargetException'{0x00000000cafcb5f0}> (0x00000000cafcb5f0) 
thrown [./open/src/hotspot/share/runtime/reflection.cpp, line 1157]
Event: 49.839 Thread 0x000002ab24558f50 Exception <a 'java/lang/ClassNotFoundException'{0x00000000caeb21c8}: sun/misc/SharedSecrets> (0x00000000caeb21c8) 
thrown [./open/src/hotspot/share/classfile/systemDictionary.cpp, line 295]
Event: 49.847 Thread 0x000002ab24558f50 Exception <a 'java/lang/reflect/InvocationTargetException'{0x00000000caed14b0}> (0x00000000caed14b0) 
thrown [./open/src/hotspot/share/runtime/reflection.cpp, line 1157]
Event: 49.847 Thread 0x000002ab24558f50 Exception <a 'java/lang/reflect/InvocationTargetException'{0x00000000caed2600}> (0x00000000caed2600) 
thrown [./open/src/hotspot/share/runtime/reflection.cpp, line 1157]

Events (20 events):
Event: 49.718 loading class java/util/function/ToIntFunction
Event: 49.718 loading class java/util/function/ToIntFunction done
Event: 49.718 loading class java/util/stream/SortedOps
Event: 49.719 loading class java/util/stream/SortedOps done
Event: 49.719 loading class java/util/stream/SortedOps$OfRef
Event: 49.719 loading class java/util/stream/SortedOps$OfRef done
Event: 49.719 loading class java/util/stream/SortedOps$RefSortingSink
Event: 49.719 loading class java/util/stream/SortedOps$AbstractRefSortingSink
Event: 49.719 loading class java/util/stream/SortedOps$AbstractRefSortingSink done
Event: 49.719 loading class java/util/stream/SortedOps$RefSortingSink done
Event: 49.822 loading class java/net/InetAddress$CachedLocalHost
Event: 49.822 loading class java/net/InetAddress$CachedLocalHost done
Event: 49.839 loading class sun/misc/SharedSecrets
Event: 49.839 loading class sun/misc/SharedSecrets done
Event: 49.845 loading class java/util/stream/SortedOps$SizedRefSortingSink
Event: 49.845 loading class java/util/stream/SortedOps$SizedRefSortingSink done
Event: 49.849 Executing VM operation: ICBufferFull
Event: 49.849 Executing VM operation: ICBufferFull done
Event: 50.509 Executing VM operation: ICBufferFull
Event: 50.509 Executing VM operation: ICBufferFull done


Dynamic libraries:
0x00007ff744220000 - 0x00007ff74422d000 	C:\eclipse\plugins\org.eclipse.justj.openjdk.hotspot.jre.full.win32.x86_64_15.0.2.v20210201-0955\jre\bin\javaw.exe
0x00007ff829350000 - 0x00007ff829545000 	C:\Windows\SYSTEM32\ntdll.dll
0x00007ff828310000 - 0x00007ff8283cd000 	C:\Windows\System32\KERNEL32.DLL
0x00007ff826b90000 - 0x00007ff826e58000 	C:\Windows\System32\KERNELBASE.dll
0x00007ff826a90000 - 0x00007ff826b90000 	C:\Windows\System32\ucrtbase.dll
0x00007ff80e9d0000 - 0x00007ff80e9e8000 	C:\eclipse\plugins\org.eclipse.justj.openjdk.hotspot.jre.full.win32.x86_64_15.0.2.v20210201-0955\jre\bin\jli.dll
0x00007ff828940000 - 0x00007ff828ae0000 	C:\Windows\System32\USER32.dll
0x00007ff826e60000 - 0x00007ff826e82000 	C:\Windows\System32\win32u.dll
0x00007ff817380000 - 0x00007ff81761a000 	C:\Windows\WinSxS\amd64_microsoft.windows.common-controls_6595b64144ccf1df_6.0.19041.844_none_ca00b6081b84eb1d\COMCTL32.dll
0x00007ff8283f0000 - 0x00007ff82841a000 	C:\Windows\System32\GDI32.dll
0x00007ff828ec0000 - 0x00007ff828f5e000 	C:\Windows\System32\msvcrt.dll
0x00007ff8272a0000 - 0x00007ff8273ab000 	C:\Windows\System32\gdi32full.dll
0x00007ff827130000 - 0x00007ff8271cd000 	C:\Windows\System32\msvcp_win.dll
0x00007ff803ac0000 - 0x00007ff803ad9000 	C:\eclipse\plugins\org.eclipse.justj.openjdk.hotspot.jre.full.win32.x86_64_15.0.2.v20210201-0955\jre\bin\VCRUNTIME140.dll
0x00007ff828dd0000 - 0x00007ff828e00000 	C:\Windows\System32\IMM32.DLL
0x00007ff80e8f0000 - 0x00007ff80e8fc000 	C:\eclipse\plugins\org.eclipse.justj.openjdk.hotspot.jre.full.win32.x86_64_15.0.2.v20210201-0955\jre\bin\vcruntime140_1.dll
0x00007ffffce20000 - 0x00007ffffceb1000 	C:\eclipse\plugins\org.eclipse.justj.openjdk.hotspot.jre.full.win32.x86_64_15.0.2.v20210201-0955\jre\bin\msvcp140.dll
0x00007ffff20a0000 - 0x00007ffff2bfe000 	C:\eclipse\plugins\org.eclipse.justj.openjdk.hotspot.jre.full.win32.x86_64_15.0.2.v20210201-0955\jre\bin\server\jvm.dll
0x00007ff827530000 - 0x00007ff8275dc000 	C:\Windows\System32\ADVAPI32.dll
0x00007ff8273b0000 - 0x00007ff82744b000 	C:\Windows\System32\sechost.dll
0x00007ff827e80000 - 0x00007ff827fab000 	C:\Windows\System32\RPCRT4.dll
0x00007ff827450000 - 0x00007ff827458000 	C:\Windows\System32\PSAPI.DLL
0x00007ff821880000 - 0x00007ff821889000 	C:\Windows\SYSTEM32\WSOCK32.dll
0x00007ff820c40000 - 0x00007ff820c4a000 	C:\Windows\SYSTEM32\VERSION.dll
0x00007ff8292a0000 - 0x00007ff82930b000 	C:\Windows\System32\WS2_32.dll
0x00007ff81e130000 - 0x00007ff81e157000 	C:\Windows\SYSTEM32\WINMM.dll
0x00007ff8248c0000 - 0x00007ff8248d2000 	C:\Windows\SYSTEM32\kernel.appcore.dll
0x00007ff8216a0000 - 0x00007ff8216aa000 	C:\eclipse\plugins\org.eclipse.justj.openjdk.hotspot.jre.full.win32.x86_64_15.0.2.v20210201-0955\jre\bin\jimage.dll
0x00007ff817170000 - 0x00007ff817354000 	C:\Windows\SYSTEM32\DBGHELP.DLL
0x00007ff816df0000 - 0x00007ff816e1c000 	C:\Windows\SYSTEM32\dbgcore.DLL
0x00007ff827220000 - 0x00007ff8272a0000 	C:\Windows\System32\bcryptPrimitives.dll
0x00007ff8001f0000 - 0x00007ff800215000 	C:\eclipse\plugins\org.eclipse.justj.openjdk.hotspot.jre.full.win32.x86_64_15.0.2.v20210201-0955\jre\bin\java.dll
0x00007ff811aa0000 - 0x00007ff811ab8000 	C:\eclipse\plugins\org.eclipse.justj.openjdk.hotspot.jre.full.win32.x86_64_15.0.2.v20210201-0955\jre\bin\zip.dll
0x00007ff827660000 - 0x00007ff827da2000 	C:\Windows\System32\SHELL32.dll
0x00007ff824ac0000 - 0x00007ff825251000 	C:\Windows\SYSTEM32\windows.storage.dll
0x00007ff827fb0000 - 0x00007ff828305000 	C:\Windows\System32\combase.dll
0x00007ff826430000 - 0x00007ff82645c000 	C:\Windows\SYSTEM32\Wldp.dll
0x00007ff829110000 - 0x00007ff8291be000 	C:\Windows\System32\SHCORE.dll
0x00007ff828e00000 - 0x00007ff828e55000 	C:\Windows\System32\shlwapi.dll
0x00007ff8269d0000 - 0x00007ff8269ef000 	C:\Windows\SYSTEM32\profapi.dll
0x00007ff8105b0000 - 0x00007ff8105c9000 	C:\eclipse\plugins\org.eclipse.justj.openjdk.hotspot.jre.full.win32.x86_64_15.0.2.v20210201-0955\jre\bin\net.dll
0x00007ff825ac0000 - 0x00007ff825bcb000 	C:\Windows\SYSTEM32\WINHTTP.dll
0x00007ff8261a0000 - 0x00007ff82620a000 	C:\Windows\system32\mswsock.dll
0x00007ff8103b0000 - 0x00007ff8103c2000 	C:\eclipse\plugins\org.eclipse.justj.openjdk.hotspot.jre.full.win32.x86_64_15.0.2.v20210201-0955\jre\bin\nio.dll
0x00007ff821900000 - 0x00007ff821910000 	C:\eclipse\plugins\org.eclipse.justj.openjdk.hotspot.jre.full.win32.x86_64_15.0.2.v20210201-0955\jre\bin\verify.dll
0x00007ff825ed0000 - 0x00007ff825f9c000 	C:\Windows\SYSTEM32\DNSAPI.dll
0x00007ff825e90000 - 0x00007ff825ecb000 	C:\Windows\SYSTEM32\IPHLPAPI.DLL
0x00007ff8274c0000 - 0x00007ff8274c8000 	C:\Windows\System32\NSI.dll
0x00007ff81b200000 - 0x00007ff81b20a000 	C:\Windows\System32\rasadhlp.dll
0x00007ff81b0b0000 - 0x00007ff81b12f000 	C:\Windows\System32\fwpuclnt.dll
0x00007ff826f40000 - 0x00007ff826f67000 	C:\Windows\System32\bcrypt.dll
0x00007ff81fbe0000 - 0x00007ff81fbed000 	C:\eclipse\plugins\org.eclipse.justj.openjdk.hotspot.jre.full.win32.x86_64_15.0.2.v20210201-0955\jre\bin\sunmscapi.dll
0x00007ff826f70000 - 0x00007ff8270cf000 	C:\Windows\System32\CRYPT32.dll
0x00007ff8264a0000 - 0x00007ff8264c7000 	C:\Windows\SYSTEM32\ncrypt.dll
0x00007ff826460000 - 0x00007ff82649b000 	C:\Windows\SYSTEM32\NTASN1.dll
0x00007ff826370000 - 0x00007ff826388000 	C:\Windows\SYSTEM32\CRYPTSP.dll
0x00007ff825a30000 - 0x00007ff825a64000 	C:\Windows\system32\rsaenh.dll
0x00007ff826990000 - 0x00007ff8269be000 	C:\Windows\SYSTEM32\USERENV.dll
0x00007ff826390000 - 0x00007ff82639c000 	C:\Windows\SYSTEM32\CRYPTBASE.dll
0x00007ff81f780000 - 0x00007ff81f797000 	C:\Windows\SYSTEM32\dhcpcsvc6.DLL
0x00007ff820c50000 - 0x00007ff820c6d000 	C:\Windows\SYSTEM32\dhcpcsvc.DLL
0x00007ff8218a0000 - 0x00007ff8218b7000 	C:\Windows\system32\napinsp.dll
0x00007ff81fb80000 - 0x00007ff81fb9b000 	C:\Windows\system32\pnrpnsp.dll
0x00007ff80bfd0000 - 0x00007ff80bfe5000 	C:\Windows\system32\wshbth.dll
0x00007ff822590000 - 0x00007ff8225ad000 	C:\Windows\system32\NLAapi.dll
0x00007ff81fb60000 - 0x00007ff81fb72000 	C:\Windows\System32\winrnr.dll

dbghelp: loaded successfully - version: 4.0.5 - missing functions: none
symbol engine: initialized successfully - sym options: 0x614 - pdb path: .;C:\eclipse\plugins\org.eclipse.justj.openjdk.hotspot.jre.full.win32.x86_64_15.0.2.v20210201-0955\jre\bin;C:\Windows\SYSTEM32;C:\Windows\WinSxS\amd64_microsoft.windows.common-controls_6595b64144ccf1df_6.0.19041.844_none_ca00b6081b84eb1d;C:\eclipse\plugins\org.eclipse.justj.openjdk.hotspot.jre.full.win32.x86_64_15.0.2.v20210201-0955\jre\bin\server

VM Arguments:
jvm_args: -ea -Dfile.encoding=Cp1252 -XX:+ShowCodeDetailsInExceptionMessages 
java_command: org.testng.remote.RemoteTestNG -serport 56103 -protocol json -d C:\Users\ankur\eclipse-workspace\TSP\test-output C:\Users\ankur\AppData\Local\Temp\testng-eclipse--1198896309\testng-customsuite.xml
java_class_path (initial): C:\eclipse\configuration\org.eclipse.osgi\444\0\.cp\lib\testng-remote.jar;C:\Users\ankur\eclipse-workspace\TSP\target\test-classes;C:\Users\ankur\eclipse-workspace\TSP\target\classes;C:\Users\ankur\.m2\repository\junit\junit\4.11\junit-4.11.jar;C:\Users\ankur\.m2\repository\org\hamcrest\hamcrest-core\1.3\hamcrest-core-1.3.jar;C:\Users\ankur\.m2\repository\org\seleniumhq\selenium\selenium-java\3.141.59\selenium-java-3.141.59.jar;C:\Users\ankur\.m2\repository\org\seleniumhq\selenium\selenium-api\3.141.59\selenium-api-3.141.59.jar;C:\Users\ankur\.m2\repository\org\seleniumhq\selenium\selenium-chrome-driver\3.141.59\selenium-chrome-driver-3.141.59.jar;C:\Users\ankur\.m2\repository\org\seleniumhq\selenium\selenium-edge-driver\3.141.59\selenium-edge-driver-3.141.59.jar;C:\Users\ankur\.m2\repository\org\seleniumhq\selenium\selenium-firefox-driver\3.141.59\selenium-firefox-driver-3.141.59.jar;C:\Users\ankur\.m2\repository\org\seleniumhq\selenium\selenium-ie-driver\3.141.59\selenium-ie-driver-3.141.59.jar;C:\Users\ankur\.m2\repository\org\seleniumhq\selenium\selenium-opera-driver\3.141.59\selenium-opera-driver-3.141.59.jar;C:\Users\ankur\.m2\repository\org\seleniumhq\selenium\selenium-remote-driver\3.141.59\selenium-remote-driver-3.141.59.jar;C:\Users\ankur\.m2\repository\org\seleniumhq\selenium\selenium-safari-driver\3.141.59\selenium-safari-driver-3.141.59.jar;C:\Users\ankur\.m2\repository\org\seleniumhq\selenium\selenium-support\3.141.59\selenium-support-3.141.59.jar;C:\Users\ankur\.m2\repository\net\bytebuddy\byte-buddy\1.8.15\byte-buddy-1.8.15.jar;C:\Users\ankur\.m2\repository\org\apache\commons\commons-exec\1.3\commons-exec-1.3.jar;C:\Users\ankur\.m2\repository\com\google\guava\guava\25.0-jre\guava-25.0-jre.jar;C:\Users\ankur\.m2\repository\com\google\code\findbugs\jsr305\1.3.9\jsr305-1.3.9.jar;C:\Users\ankur\.m2\repository\org\checkerframework\checker-compat-qual\2.0.0\checker-compat-qual-2.0.0.jar;C:\Users\ankur\.m2\repository\com\google\
Launcher Type: SUN_STANDARD

[Global flags]
     intx CICompilerCount                          = 4                                         {product} {ergonomic}
     uint ConcGCThreads                            = 2                                         {product} {ergonomic}
     uint G1ConcRefinementThreads                  = 8                                         {product} {ergonomic}
   size_t G1HeapRegionSize                         = 1048576                                   {product} {ergonomic}
    uintx GCDrainStackTargetSize                   = 64                                        {product} {ergonomic}
   size_t InitialHeapSize                          = 58720256                                  {product} {ergonomic}
   size_t MarkStackSize                            = 4194304                                   {product} {ergonomic}
   size_t MaxHeapSize                              = 918552576                                 {product} {ergonomic}
   size_t MaxNewSize                               = 550502400                                 {product} {ergonomic}
   size_t MinHeapDeltaBytes                        = 1048576                                   {product} {ergonomic}
   size_t MinHeapSize                              = 8388608                                   {product} {ergonomic}
    uintx NonNMethodCodeHeapSize                   = 5839372                                {pd product} {ergonomic}
    uintx NonProfiledCodeHeapSize                  = 122909434                              {pd product} {ergonomic}
    uintx ProfiledCodeHeapSize                     = 122909434                              {pd product} {ergonomic}
    uintx ReservedCodeCacheSize                    = 251658240                              {pd product} {ergonomic}
     bool SegmentedCodeCache                       = true                                      {product} {ergonomic}
     bool ShowCodeDetailsInExceptionMessages       = true                                   {manageable} {command line}
   size_t SoftMaxHeapSize                          = 918552576                              {manageable} {ergonomic}
     bool UseCompressedClassPointers               = true                                 {lp64_product} {ergonomic}
     bool UseCompressedOops                        = true                                 {lp64_product} {ergonomic}
     bool UseG1GC                                  = true                                      {product} {ergonomic}
     bool UseLargePagesIndividualAllocation        = false                                  {pd product} {ergonomic}

Logging:
Log output configuration:
 #0: stdout all=warning uptime,level,tags
 #1: stderr all=off uptime,level,tags

Environment Variables:
JAVA_HOME=C:\Program Files\Java\jdk-16.0.1
PATH=C:/eclipse//plugins/org.eclipse.justj.openjdk.hotspot.jre.full.win32.x86_64_15.0.2.v20210201-0955/jre/bin/server;C:/eclipse//plugins/org.eclipse.justj.openjdk.hotspot.jre.full.win32.x86_64_15.0.2.v20210201-0955/jre/bin;C:\Program Files\Common Files\Oracle\Java\javapath;C:\Windows\system32;C:\Windows;C:\Windows\System32\Wbem;C:\Windows\System32\WindowsPowerShell\v1.0\;C:\Windows\System32\OpenSSH\;C:\Program Files\nodejs\;C:\ProgramData\chocolatey\bin;C:\Program Files\dotnet\;C:\Program Files\Microsoft SQL Server\130\Tools\Binn\;C:\Program Files\Microsoft SQL Server\Client SDK\ODBC\170\Tools\Binn\;C:\Program Files\Java\jdk-16.0.1\bin;C:\Users\ankur\AppData\Local\Microsoft\WindowsApps;C:\Users\ankur\AppData\Local\Programs\Microsoft VS Code\bin;C:\Users\ankur\AppData\Roaming\npm;C:\Users\ankur\AppData\Local\GitHubDesktop\bin;C:\Users\ankur\.dotnet\tools;C:\eclipse;
USERNAME=ankur
OS=Windows_NT
PROCESSOR_IDENTIFIER=AMD64 Family 23 Model 24 Stepping 1, AuthenticAMD



---------------  S Y S T E M  ---------------

OS:
 Windows 10 , 64 bit Build 19041 (10.0.19041.928)
OS uptime: 0 days 0:12 hours

CPU: total 8 (initial active 8) (8 cores per cpu, 2 threads per core) family 23 model 24 stepping 1 microcode 0x0, cmov, cx8, fxsr, mmx, sse, sse2, sse3, ssse3, sse4.1, sse4.2, popcnt, vzeroupper, avx, avx2, aes, clmul, 3dnowpref, lzcnt, sse4a, ht, tsc, tscinvbit, tscinv, bmi1, bmi2, adx, sha, fma, clflush, clflushopt

Memory: 4k page, system-wide physical 3498M (199M free)
TotalPageFile size 3498M (AvailPageFile size 5M)
current process WorkingSet (physical memory assigned to process): 107M, peak: 110M
current process commit charge ("private bytes"): 140M, peak: 160M

vm_info: OpenJDK 64-Bit Server VM (15.0.2+7-27) for windows-amd64 JRE (15.0.2+7-27), built on Dec  7 2020 20:02:38 by "mach5one" with unknown MS VC++:1925

END.
